\BOOKMARK [0][-]{chapter*.7}{List\040of\040symbols}{}% 1
\BOOKMARK [0][-]{chapter.1}{Introduction}{}% 2
\BOOKMARK [1][-]{section.1.1}{Background}{chapter.1}% 3
\BOOKMARK [0][-]{chapter.2}{Modelling\040the\040System\040on\040MATLAB}{}% 4
\BOOKMARK [1][-]{section.2.1}{Modelling\040the\040Rotor}{chapter.2}% 5
\BOOKMARK [1][-]{section.2.2}{Modelling\040the\040Propellers}{chapter.2}% 6
\BOOKMARK [1][-]{section.2.3}{Optimization\040of\040Tip\040Thrust\040Positions}{chapter.2}% 7
\BOOKMARK [1][-]{section.2.4}{Combined\040Model}{chapter.2}% 8
\BOOKMARK [1][-]{section.2.5}{Pitch\040Model}{chapter.2}% 9
\BOOKMARK [2][-]{subsection.2.5.1}{Step\040Input}{section.2.5}% 10
\BOOKMARK [2][-]{subsection.2.5.2}{Sinusoidal\040Input}{section.2.5}% 11
\BOOKMARK [0][-]{chapter.3}{Design}{}% 12
\BOOKMARK [1][-]{section.3.1}{Rotor}{chapter.3}% 13
\BOOKMARK [1][-]{section.3.2}{Rotor\040Hub}{chapter.3}% 14
\BOOKMARK [2][-]{subsection.3.2.1}{Electronics}{section.3.2}% 15
\BOOKMARK [1][-]{section.3.3}{Final\040Design}{chapter.3}% 16
\BOOKMARK [0][-]{chapter.4}{Software}{}% 17
\BOOKMARK [1][-]{section.4.1}{System\040Interaction}{chapter.4}% 18
\BOOKMARK [1][-]{section.4.2}{Position\040and\040Speed\040Detection}{chapter.4}% 19
\BOOKMARK [1][-]{section.4.3}{Control\040System}{chapter.4}% 20
\BOOKMARK [0][-]{chapter.5}{Experimentation}{}% 21
\BOOKMARK [1][-]{section.5.1}{Aim}{chapter.5}% 22
\BOOKMARK [1][-]{section.5.2}{Equipment}{chapter.5}% 23
\BOOKMARK [1][-]{section.5.3}{Procedure}{chapter.5}% 24
\BOOKMARK [2][-]{subsection.5.3.1}{Test\040Descriptions}{section.5.3}% 25
\BOOKMARK [0][-]{chapter.6}{Data\040Analysis,\040Results\040and\040Discussion}{}% 26
\BOOKMARK [1][-]{section.6.1}{Sensor\040Validation\040and\040PID\040Performance}{chapter.6}% 27
\BOOKMARK [1][-]{section.6.2}{Data\040Processing}{chapter.6}% 28
\BOOKMARK [1][-]{section.6.3}{Results\040and\040Discussion}{chapter.6}% 29
\BOOKMARK [2][-]{subsection.6.3.1}{Comparison\040to\040Mathematical\040Model}{section.6.3}% 30
\BOOKMARK [2][-]{subsection.6.3.2}{Directional\040Flight}{section.6.3}% 31
\BOOKMARK [0][-]{chapter.7}{Future\040Development\040and\040Conclusion}{}% 32
\BOOKMARK [1][-]{section.7.1}{Future\040Development}{chapter.7}% 33
\BOOKMARK [1][-]{section.7.2}{Conclusion}{chapter.7}% 34
\BOOKMARK [0][-]{chapter.8}{List\040of\040references}{}% 35
\BOOKMARK [0][-]{appendix.A}{Microcontroller\040Circuit}{}% 36
\BOOKMARK [1][-]{section.A.1}{Pin\040Out\040Table}{appendix.A}% 37
\BOOKMARK [1][-]{section.A.2}{Full\040Circut\040Diagram}{appendix.A}% 38
\BOOKMARK [0][-]{appendix.B}{Mechanical\040Drawings\040and\040Design}{}% 39
